## ------------------------- ##
## Configuring libtool 2.4.7 ##
## ------------------------- ##

checking for GNU M4 that supports accurate traces... /usr/bin/m4
checking whether /usr/bin/m4 accepts --gnu... yes
checking how m4 supports trace files... --debugfile
checking for a BSD-compatible install... /usr/bin/install -c
checking whether build environment is sane... yes
checking for a thread-safe mkdir -p... /usr/bin/mkdir -p
checking for gawk... gawk
checking whether make sets $(MAKE)... yes
checking whether make supports nested variables... yes
checking whether make supports nested variables... (cached) yes
checking build system type... x86_64-pc-linux-gnu
checking host system type... x86_64-pc-linux-gnu
configure: autobuild project... GNU Libtool
configure: autobuild revision... 2.4.7
configure: autobuild hostname... alley
configure: autobuild mode... default
configure: autobuild timestamp... 20240826T233208Z
checking for gcc... gcc
checking whether the C compiler works... yes
checking for C compiler default output file name... a.out
checking for suffix of executables... 
checking whether we are cross compiling... no
checking for suffix of object files... o
checking whether we are using the GNU C compiler... yes
checking whether gcc accepts -g... yes
checking for gcc option to accept ISO C89... none needed
checking whether gcc understands -c and -o together... yes
checking whether the compiler is clang... no
checking for compiler option needed when checking for declarations... none
checking whether make supports the include directive... yes (GNU style)
checking dependency style of gcc... gcc3
checking how to run the C preprocessor... gcc -E
checking for grep that handles long lines and -e... /usr/bin/grep
checking for egrep... /usr/bin/grep -E
checking for Minix Amsterdam compiler... no
checking for ar... ar
checking for ranlib... ranlib
checking how to run the C preprocessor... gcc -E
checking how to print strings... printf
checking for a sed that does not truncate output... /usr/bin/sed
checking for fgrep... /usr/bin/grep -F
checking for ld used by gcc... /usr/bin/ld
checking if the linker (/usr/bin/ld) is GNU ld... yes
checking for BSD- or MS-compatible name lister (nm)... /usr/bin/nm -B
checking the name lister (/usr/bin/nm -B) interface... BSD nm
checking whether ln -s works... yes
checking the maximum length of command line arguments... 1572864
checking how to convert x86_64-pc-linux-gnu file names to x86_64-pc-linux-gnu format... func_convert_file_noop
checking how to convert x86_64-pc-linux-gnu file names to toolchain format... func_convert_file_noop
checking for /usr/bin/ld option to reload object files... -r
checking for file... file
checking for objdump... objdump
checking how to recognize dependent libraries... pass_all
checking for dlltool... no
checking how to associate runtime and link libraries... printf %s\n
checking for archiver @FILE support... @
checking for strip... strip
checking for ranlib... (cached) ranlib
checking command to parse /usr/bin/nm -B output from gcc object... ok
checking for sysroot... no
checking for a working dd... /usr/bin/dd
checking how to truncate binary pipes... /usr/bin/dd bs=4096 count=1
checking for mt... no
checking if : is a manifest tool... no
checking for ANSI C header files... yes
checking for sys/types.h... yes
checking for sys/stat.h... yes
checking for stdlib.h... yes
checking for string.h... yes
checking for memory.h... yes
checking for strings.h... yes
checking for inttypes.h... yes
checking for stdint.h... yes
checking for unistd.h... yes
checking for dlfcn.h... yes
checking for objdir... .libs
checking if gcc supports -fno-rtti -fno-exceptions... no
checking for gcc option to produce PIC... -fPIC -DPIC
checking if gcc PIC flag -fPIC -DPIC works... yes
checking if gcc static flag -static works... yes
checking if gcc supports -c -o file.o... yes
checking if gcc supports -c -o file.o... (cached) yes
checking whether the gcc linker (/usr/bin/ld -m elf_x86_64) supports shared libraries... yes
checking whether -lc should be explicitly linked in... no
checking dynamic linker characteristics... GNU/Linux ld.so
checking how to hardcode library paths into programs... immediate
checking for shl_load... no
checking for shl_load in -ldld... no
checking for dlopen... yes
checking whether a program can dlopen itself... yes
checking whether a statically linked program can dlopen itself... no
checking whether stripping libraries is possible... yes
checking if libtool supports shared libraries... yes
checking whether to build shared libraries... yes
checking whether to build static libraries... yes
checking what extension is used for runtime loadable modules... .so
checking what variable specifies run-time module search path... LD_LIBRARY_PATH
checking for the default library search path... /lib /usr/lib /usr/local/lib /opt/lib 
checking for library containing dlopen... none required
checking for dlerror... yes
checking for shl_load... (cached) no
checking for shl_load in -ldld... (cached) no
checking for dld_link in -ldld... no
checking for _ prefix in compiled symbols... no
checking whether deplibs are loaded by dlopen... yes
checking for argz.h... yes
checking for error_t... yes
checking for argz_add... yes
checking for argz_append... yes
checking for argz_count... yes
checking for argz_create_sep... yes
checking for argz_insert... yes
checking for argz_next... yes
checking for argz_stringify... yes
checking if argz actually works... yes
checking whether libtool supports -dlopen/-dlpreopen... yes
checking for unistd.h... (cached) yes
checking for dl.h... no
checking for sys/dl.h... no
checking for dld.h... no
checking for mach-o/dyld.h... no
checking for dirent.h... yes
checking for closedir... yes
checking for opendir... yes
checking for readdir... yes
checking for strlcat... yes
checking for strlcpy... yes
checking for g++... g++
checking whether we are using the GNU C++ compiler... yes
checking whether g++ accepts -g... yes
checking dependency style of g++... gcc3
checking how to run the C++ preprocessor... g++ -E
checking for ld used by g++... /usr/bin/ld -m elf_x86_64
checking if the linker (/usr/bin/ld -m elf_x86_64) is GNU ld... yes
checking whether the g++ linker (/usr/bin/ld -m elf_x86_64) supports shared libraries... yes
checking for g++ option to produce PIC... -fPIC -DPIC
checking if g++ PIC flag -fPIC -DPIC works... yes
checking if g++ static flag -static works... yes
checking if g++ supports -c -o file.o... yes
checking if g++ supports -c -o file.o... (cached) yes
checking whether the g++ linker (/usr/bin/ld -m elf_x86_64) supports shared libraries... yes
checking dynamic linker characteristics... (cached) GNU/Linux ld.so
checking how to hardcode library paths into programs... immediate
checking for g77... no
checking for xlf... no
checking for f77... no
checking for frt... no
checking for pgf77... no
checking for cf77... no
checking for fort77... no
checking for fl32... no
checking for af77... no
checking for xlf90... no
checking for f90... no
checking for pgf90... no
checking for pghpf... no
checking for epcf90... no
checking for gfortran... no
checking for g95... no
checking for xlf95... no
checking for f95... no
checking for fort... no
checking for ifort... no
checking for ifc... no
checking for efc... no
checking for pgfortran... no
checking for pgf95... no
checking for lf95... no
checking for ftn... no
checking for nagfor... no
checking whether we are using the GNU Fortran 77 compiler... no
checking whether  accepts -g... no
checking for gfortran... no
checking for g95... no
checking for xlf95... no
checking for f95... no
checking for fort... no
checking for ifort... no
checking for ifc... no
checking for efc... no
checking for pgfortran... no
checking for pgf95... no
checking for lf95... no
checking for ftn... no
checking for nagfor... no
checking for xlf90... no
checking for f90... no
checking for pgf90... no
checking for pghpf... no
checking for epcf90... no
checking for g77... no
checking for xlf... no
checking for f77... no
checking for frt... no
checking for pgf77... no
checking for cf77... no
checking for fort77... no
checking for fl32... no
checking for af77... no
checking whether we are using the GNU Fortran compiler... no
checking whether  accepts -g... no
checking for gccgo... no
checking for gcj... no
checking for windres... no
checking for C compiler option to allow warnings... -Wno-error
checking for C++ compiler option to allow warnings... -Wno-error
checking that generated files are newer than configure... done
configure: creating ./config.status
config.status: creating Makefile
config.status: creating gnulib-tests/Makefile
config.status: creating config.h
config.status: executing tests/atconfig commands
config.status: executing depfiles commands
config.status: executing libtool commands
  GEN      libtoolize
make  all-recursive
make[1]: Entering directory '/sources/libtool-2.4.7'
Making all in .
make[2]: Entering directory '/sources/libtool-2.4.7'
  CC       libltdl/loaders/libltdl_la-preopen.lo
  CC       libltdl/libltdl_la-lt__alloc.lo
  CC       libltdl/libltdl_la-lt_dlloader.lo
  CC       libltdl/libltdl_la-lt_error.lo
  CC       libltdl/libltdl_la-ltdl.lo
  CC       libltdl/loaders/dlopen.lo
  CC       libltdl/libltdl_la-slist.lo
  CCLD     libltdl/dlopen.la
  CCLD     libltdl/libltdl.la
make[2]: Leaving directory '/sources/libtool-2.4.7'
Making all in gnulib-tests
make[2]: Entering directory '/sources/libtool-2.4.7/gnulib-tests'
## ---------------------------------------------------- ##
## ------------------- Gnulib tests ------------------- ##
## You can ignore compiler warnings in this directory.  ##
## ---------------------------------------------------- ##
make  all-recursive
make[3]: Entering directory '/sources/libtool-2.4.7/gnulib-tests'
Making all in .
make[4]: Entering directory '/sources/libtool-2.4.7/gnulib-tests'
make[4]: Nothing to be done for 'all-am'.
make[4]: Leaving directory '/sources/libtool-2.4.7/gnulib-tests'
make[3]: Leaving directory '/sources/libtool-2.4.7/gnulib-tests'
make[2]: Leaving directory '/sources/libtool-2.4.7/gnulib-tests'
make[1]: Leaving directory '/sources/libtool-2.4.7'
  GEN      public-submodule-commit
make  check-recursive
make[1]: Entering directory '/sources/libtool-2.4.7'
Making check in .
make[2]: Entering directory '/sources/libtool-2.4.7'
make  check-local
make[3]: Entering directory '/sources/libtool-2.4.7'
  CC       libltdl/loaders/libltdlc_la-preopen.lo
  CC       libltdl/libltdlc_la-lt__alloc.lo
  CC       libltdl/libltdlc_la-lt_dlloader.lo
  CC       libltdl/libltdlc_la-lt_error.lo
  CC       libltdl/libltdlc_la-slist.lo
  CC       libltdl/libltdlc_la-ltdl.lo
  CCLD     libltdl/libltdlc.la
## ----------------------------- ##
## GNU Libtool 2.4.7 test suite. ##
## ----------------------------- ##

  1: func_munge_path_list works                      ok
  3: libtoolize macro directory mismatch error       ok
  4: multiple AC_CONFIG_MACRO_DIRS invocation        ok
  2: libtoolize macro installation                   ok
  5: multiple AC_CONFIG_MACRO_DIRS directories       ok
  6: libtoolize ACLOCAL_AMFLAGS extraction           ok
  9: diagnose missing LT_CONFIG_LTDL_DIR             ok
 14: verbatim aclocal.m4 w/o AC_CONFIG_MACRO_DIRS    expected failure (libtoolize.at:789)
 13: upgrading verbatim style aclocal.m4             expected failure (libtoolize.at:698)
 15: nonrecursive ltdl with AC_CONFIG_MACRO_DIRS     ok
 10: copy ltdl.m4 with shared macro directory        ok
 11: correctly parse LTDL_INIT from configure.ac     ok
 12: diagnose missing LTDL_INIT invocation           ok
 21: diagnose no mode specified                      ok
 20: check help output                               ok
  7: libtoolize macro serial update                  ok
 24: check link mode operation                       ok
 25: check objectlist file operation                 ok
 16: subproject ltdl with unconventional layout      ok
 26: test LT_SUPPORTED_TAG interface                 skipped (libtool.at:219)
 18: LIBTOOLIZE_OPTIONS                              ok
 17: Subproject ltdl without GNU M4                  ok
 27: link against a preloaded static library         expected failure (demo.at:388)
 28: build and dynamically load a module             expected failure (demo.at:405)
 29: preload static and dynamic module               expected failure (demo.at:422)
 33: force non-PIC objects                           skipped (demo.at:513)
  8: libtoolize config files serial update           ok
 30: deplibs_check_method                            expected failure (demo.at:468)
 31: disable fast install                            expected failure (demo.at:483)
 19: cleanup old installation                        ok
 32: force PIC objects                               expected failure (demo.at:501)
 35: binary relinking at install time                expected failure (demo.at:724)
 34: hardcoding library path                         expected failure (demo.at:612)
 36: uninstalled libraries have priority             expected failure (demo.at:795)
 37: linking with long file names                    expected failure (demo.at:982)
 39: test --with-pic                                 expected failure (with-pic.at:31)
 38: override pic_flag at configure time             expected failure (pic_flag.at:52)
 40: build and link against a static library         expected failure (cdemo.at:140)
 41: build and link against a dynamic library        expected failure (cdemo.at:155)
 46: F77 convenience archives                        skipped (convenience.at:111)
 47: FC convenience archives                         skipped (convenience.at:171)
 48: Java convenience archives                       skipped (convenience.at:231)
 42: build both static and dynamic                   expected failure (cdemo.at:170)
 43: allow_undefined_flag                            expected failure (cdemo.at:185)
 49: static library interdependencies                expected failure (depdemo.at:290)
 50: shared library interdependencies                expected failure (depdemo.at:307)
 51: shared and static interdependencies             expected failure (depdemo.at:324)
 52: disable fast install                            expected failure (depdemo.at:341)
 54: standard command line options                   ok
 53: binary relinking at install time                expected failure (depdemo.at:360)
 23: transform source suffices                       ok
 55: mode short-hands                                ok
 57: duplicate members in archive tests              ok
 44: C convenience archives                          ok
 59: preserve duplicate convenience deps             expected failure (duplicate_deps.at:73)
 62: passing F77 flags through libtool               skipped (flags.at:24)
 63: passing FC flags through libtool                skipped (flags.at:24)
 64: passing GCJ flags through libtool               skipped (flags.at:24)
 58: duplicate convenience archive names             ok
 22: quote shell meta-characters in filenames        ok
 60: passing CC flags through libtool                ok
 45: C++ convenience archives                        ok
 68: Failure tests                                   ok
 61: passing CXX flags through libtool               ok
 65: inherited_linker_flags                          ok
 56: debug tracing                                   ok
 74: export from a DLL with a .def file              skipped (export-def.at:35)
 69: shlibpath_overrides_runpath                     ok
 72: ccache -all-static                              ok
 76: sys_lib_search_path on w32                      skipped (search-path.at:84)
 75: sys_lib_search_path                             ok
 66: Link order test                                 FAILED (link-order.at:106)
 80: both of -o prog and -o prog$EXEEXT work         skipped (exeext.at:29)
 70: Runpath in libtool library files                ok
 79: static library contains static library          expected failure (archive-in-archive.at:57)
 82: bindir basic lib test                           ok
 77: indirect convenience                            ok
 78: indirect uninstalled                            ok
 85: cwrapper string length                          skipped (cwrapper.at:190)
 73: Export test                                     ok
 88: inferred tag                                    ok
 86: cwrapper and installed shared libraries         ok
 90: F77 inferred tag                                skipped (infer-tag.at:57)
 91: FC inferred tag                                 skipped (infer-tag.at:71)
 92: GCJ inferred tag                                skipped (infer-tag.at:85)
 89: CXX inferred tag                                ok
 94: nocase library search                           skipped (nocase.at:31)
 93: localized compiler messages                     ok
 95: Install tests                                   ok
 67: Link order of deplibs                           ok
 97: Simple DESTDIR install                          ok
 84: cwrapper for uninstalled executables            ok
 99: AM_PROG_LIBTOOL                                 expected failure (old-m4-iface.at:91)
 81: execute mode                                    ok
101: AC_CONFIG_MACRO_DIR                             ok
102: C subdir-objects                                expected failure (am-subdir.at:79)
103: C++ subdir-objects                              expected failure (am-subdir.at:147)
100: AC_WITH_LTDL                                    expected failure (old-m4-iface.at:161)
104: lt_dlexit unloading libs                        ok
 87: deplib in subdir                                ok
106: lt_dlopen error messages                        expected failure (lt_dlopen.at:102)
107: lt_dlopen archive                               ok
110: ltdl API                                        skipped (ltdl-api.at:32)
 98: DESTDIR with in-package deplibs                 ok
105: lt_dlopenadvise library loading                 ok
109: libdir of installed modules                     ok
108: lt_dlopenext error messages                     ok
111: dlloader API                                    ok
115: SList functionality                             ok
114: resident modules                                ok
113: syntax of .la files                             expected failure (lalib-syntax.at:133)
112: loadlibrary error messages                      skipped (loadlibrary.at:250)
117: dynamically ltdl preload static modules         expected failure (mdemo.at:629)
118: dynamically ltdl load a shared module           expected failure (mdemo.at:646)
119: ltdl load shared and static modules             expected failure (mdemo.at:663)
120: ltdl dryrun                                     expected failure (mdemo.at:680)
121: link with library that loads ltdl modules       expected failure (mdemo.at:841)
116: enforced lib prefix                             ok
 71: static linking flags for programs               ok
126: compiling softlinked libltdl                    expected failure (subproject.at:62)
 96: versioning                                      ok
127: compiling copied libltdl                        expected failure (subproject.at:78)
128: installable libltdl                             expected failure (subproject.at:96)
130: compiling softlinked libltdl                    expected failure (nonrecursive.at:91)
131: compiling copied libltdl                        expected failure (nonrecursive.at:115)
133: compiling softlinked libltdl                    expected failure (recursive.at:69)
132: installable libltdl                             expected failure (nonrecursive.at:141)
134: compiling copied libltdl                        expected failure (recursive.at:89)
135: installable libltdl                             expected failure (recursive.at:111)
136: static library                                  expected failure (tagdemo.at:343)
137: shared library                                  expected failure (tagdemo.at:358)
138: shared and static together                      expected failure (tagdemo.at:373)
139: allow_undefined_flag                            expected failure (tagdemo.at:388)
140: simple template test                            ok
142: C++ static constructors                         ok
125: linking libltdl without autotools               FAILED (standalone.at:84)
123: compiling copied libltdl                        FAILED (standalone.at:51)
122: compiling softlinked libltdl                    FAILED (standalone.at:36)
124: installable libltdl                             FAILED (standalone.at:68)
143: C++ exception handling                          skipped (exceptions.at:361)
144: config.status                                   expected failure (early-libtool.at:110)
145: config.lt                                       expected failure (early-libtool.at:217)
146: AC_NO_EXECUTABLES                               expected failure (no-executables.at:76)
129: linking libltdl without autotools               FAILED (subproject.at:114)
152: static library                                  skipped (f77demo.at:301)
153: shared library                                  skipped (f77demo.at:316)
154: shared and static together                      skipped (f77demo.at:331)
155: static library                                  skipped (fcdemo.at:315)
156: shared library                                  skipped (fcdemo.at:330)
157: shared and static together                      skipped (fcdemo.at:345)
158: darwin fat compile                              skipped (darwin.at:43)
148: installable libltdl                             expected failure (configure-iface.at:145)
150: --with-included-ltdl                            expected failure (configure-iface.at:283)
151: convenience libltdl                             expected failure (configure-iface.at:322)
160: darwin gdb debug information                    skipped (darwin.at:155)
162: darwin can lt_dlopen .dylib and .so files       skipped (darwin.at:250)
163: dumpbin -symbols section hiding                 skipped (dumpbin-symbols.at:42)
165: -L=.../lib -l                                   skipped (sysroot.at:204)
166: -L SYSROOT/.../lib -l                           skipped (sysroot.at:205)
167: SYSROOT/.../*.la                                skipped (sysroot.at:206)
161: darwin ld warnings changing configure results   expected failure (darwin.at:226)
147: build tree relpaths                             expected failure (deplibs-ident.at:69)
164: deplibs without file command                    ok
141: template test with subdirs                      ok
159: darwin concurrent library extraction            ok
149: --with-ltdl-include/lib                         expected failure (configure-iface.at:179)
 83: bindir install tests                            ok
168: Link option thorough search test                ok
169: Run tests with low max_cmd_len                  FAILED (cmdline_wrap.at:48)

## ------------- ##
## Test results. ##
## ------------- ##

## -------------------------- ##
## testsuite.log was created. ##
## -------------------------- ##

Please send `tests/testsuite.log' and all information you think might help:

   To: <bug-libtool@gnu.org>
   Subject: [GNU Libtool 2.4.7] testsuite: 66 122 123 124 125 129 169 failed

You may investigate any problem if you feel able to do so, in which
case the test suite provides a good starting point.  Its output may
be found below `tests/testsuite.dir'.

make[3]: Leaving directory '/sources/libtool-2.4.7'
make[2]: Leaving directory '/sources/libtool-2.4.7'
Making check in gnulib-tests
make[2]: Entering directory '/sources/libtool-2.4.7/gnulib-tests'
make  check-recursive
make[3]: Entering directory '/sources/libtool-2.4.7/gnulib-tests'
Making check in .
make[4]: Entering directory '/sources/libtool-2.4.7/gnulib-tests'
## ---------------------------------------------------------------------- ##
## ---------------------------- Gnulib tests ---------------------------- ##
## Please report test failures in this directory to <bug-gnulib@gnu.org>. ##
## ---------------------------------------------------------------------- ##
make  
make[5]: Entering directory '/sources/libtool-2.4.7/gnulib-tests'
## ---------------------------------------------------- ##
## ------------------- Gnulib tests ------------------- ##
## You can ignore compiler warnings in this directory.  ##
## ---------------------------------------------------- ##
make  all-recursive
make[6]: Entering directory '/sources/libtool-2.4.7/gnulib-tests'
Making all in .
make[7]: Entering directory '/sources/libtool-2.4.7/gnulib-tests'
make[7]: Nothing to be done for 'all-am'.
make[7]: Leaving directory '/sources/libtool-2.4.7/gnulib-tests'
make[6]: Leaving directory '/sources/libtool-2.4.7/gnulib-tests'
make[5]: Leaving directory '/sources/libtool-2.4.7/gnulib-tests'
make  check-TESTS
make[5]: Entering directory '/sources/libtool-2.4.7/gnulib-tests'
make[6]: Entering directory '/sources/libtool-2.4.7/gnulib-tests'
SKIP: test-vc-list-files-git.sh
SKIP: test-vc-list-files-cvs.sh
PASS: test-init.sh
PASS: test-funclib-quote.sh
PASS: test-update-copyright.sh
PASS: test-option-parser.sh
============================================================================
Testsuite summary for GNU Libtool 2.4.7
============================================================================
# TOTAL: 6
# PASS:  4
# SKIP:  2
# XFAIL: 0
# FAIL:  0
# XPASS: 0
# ERROR: 0
============================================================================
make[6]: Leaving directory '/sources/libtool-2.4.7/gnulib-tests'
make[5]: Leaving directory '/sources/libtool-2.4.7/gnulib-tests'
make[4]: Leaving directory '/sources/libtool-2.4.7/gnulib-tests'
make[3]: Leaving directory '/sources/libtool-2.4.7/gnulib-tests'
make[2]: Leaving directory '/sources/libtool-2.4.7/gnulib-tests'
make[1]: Leaving directory '/sources/libtool-2.4.7'
